gcc -Werror -Wall -DBUILD_MKFS -o build/mkfs tools/mkfs.c
gcc -fno-pic -static -fno-builtin -fno-strict-aliasing -O2 -Wall -MD -ggdb -m32 -Werror -fno-omit-frame-pointer -Wno-unused-variable -Wno-unused-function -Wno-address-of-packed-member -Iinclude -Werror=implicit-function-declaration -fno-stack-protector -fno-pie -no-pie -c -o build/lib/ulib.o lib/ulib.c
gcc -m32 -gdwarf-2 -Wa,-divide -Iinclude  -c -o build/lib/usys.o lib/usys.S
gcc -fno-pic -static -fno-builtin -fno-strict-aliasing -O2 -Wall -MD -ggdb -m32 -Werror -fno-omit-frame-pointer -Wno-unused-variable -Wno-unused-function -Wno-address-of-packed-member -Iinclude -Werror=implicit-function-declaration -fno-stack-protector -fno-pie -no-pie -c -o build/lib/printf.o lib/printf.c
gcc -fno-pic -static -fno-builtin -fno-strict-aliasing -O2 -Wall -MD -ggdb -m32 -Werror -fno-omit-frame-pointer -Wno-unused-variable -Wno-unused-function -Wno-address-of-packed-member -Iinclude -Werror=implicit-function-declaration -fno-stack-protector -fno-pie -no-pie -c -o build/lib/umalloc.o lib/umalloc.c
gcc -fno-pic -static -fno-builtin -fno-strict-aliasing -O2 -Wall -MD -ggdb -m32 -Werror -fno-omit-frame-pointer -Wno-unused-variable -Wno-unused-function -Wno-address-of-packed-member -Iinclude -Werror=implicit-function-declaration -fno-stack-protector -fno-pie -no-pie -c -o build/lib/math.o lib/math.c
gcc -fno-pic -static -fno-builtin -fno-strict-aliasing -O2 -Wall -MD -ggdb -m32 -Werror -fno-omit-frame-pointer -Wno-unused-variable -Wno-unused-function -Wno-address-of-packed-member -Iinclude -Werror=implicit-function-declaration -fno-stack-protector -fno-pie -no-pie -c -o build/lib/inflate.o lib/inflate.c
gcc -fno-pic -static -fno-builtin -fno-strict-aliasing -O2 -Wall -MD -ggdb -m32 -Werror -fno-omit-frame-pointer -Wno-unused-variable -Wno-unused-function -Wno-address-of-packed-member -Iinclude -Werror=implicit-function-declaration -fno-stack-protector -fno-pie -no-pie -c -o build/lib/stdio.o lib/stdio.c
gcc -fno-pic -static -fno-builtin -fno-strict-aliasing -O2 -Wall -MD -ggdb -m32 -Werror -fno-omit-frame-pointer -Wno-unused-variable -Wno-unused-function -Wno-address-of-packed-member -Iinclude -Werror=implicit-function-declaration -fno-stack-protector -fno-pie -no-pie -c -o build/lib/graphics.o lib/graphics.c
gcc -fno-pic -static -fno-builtin -fno-strict-aliasing -O2 -Wall -MD -ggdb -m32 -Werror -fno-omit-frame-pointer -Wno-unused-variable -Wno-unused-function -Wno-address-of-packed-member -Iinclude -Werror=implicit-function-declaration -fno-stack-protector -fno-pie -no-pie -c -o build/lib/png.o lib/png.c
gcc -fno-pic -static -fno-builtin -fno-strict-aliasing -O2 -Wall -MD -ggdb -m32 -Werror -fno-omit-frame-pointer -Wno-unused-variable -Wno-unused-function -Wno-address-of-packed-member -Iinclude -Werror=implicit-function-declaration -fno-stack-protector -fno-pie -no-pie -c -o build/bin/cat.o bin/cat.c
ld -m    elf_i386 -N -e main -Ttext 0 -o build/bin/_cat build/bin/cat.o build/lib/ulib.o build/lib/usys.o build/lib/printf.o build/lib/umalloc.o build/lib/math.o build/lib/inflate.o build/lib/stdio.o build/lib/graphics.o build/lib/png.o
objdump -S build/bin/_cat > build/bin/cat.asm
objdump -t build/bin/_cat | sed '1,/SYMBOL TABLE/d; s/ .* / /; /^$/d' > build/bin/cat.sym
gcc -fno-pic -static -fno-builtin -fno-strict-aliasing -O2 -Wall -MD -ggdb -m32 -Werror -fno-omit-frame-pointer -Wno-unused-variable -Wno-unused-function -Wno-address-of-packed-member -Iinclude -Werror=implicit-function-declaration -fno-stack-protector -fno-pie -no-pie -c -o build/bin/echo.o bin/echo.c
ld -m    elf_i386 -N -e main -Ttext 0 -o build/bin/_echo build/bin/echo.o build/lib/ulib.o build/lib/usys.o build/lib/printf.o build/lib/umalloc.o build/lib/math.o build/lib/inflate.o build/lib/stdio.o build/lib/graphics.o build/lib/png.o
objdump -S build/bin/_echo > build/bin/echo.asm
objdump -t build/bin/_echo | sed '1,/SYMBOL TABLE/d; s/ .* / /; /^$/d' > build/bin/echo.sym
gcc -fno-pic -static -fno-builtin -fno-strict-aliasing -O2 -Wall -MD -ggdb -m32 -Werror -fno-omit-frame-pointer -Wno-unused-variable -Wno-unused-function -Wno-address-of-packed-member -Iinclude -Werror=implicit-function-declaration -fno-stack-protector -fno-pie -no-pie -c -o build/bin/forktest.o bin/forktest.c
# forktest has less library code linked in - needs to be small
# in order to be able to max out the proc table.
ld -m    elf_i386 -N -e main -Ttext 0 -o build/bin/_forktest build/bin/forktest.o build/lib/ulib.o build/lib/usys.o
objdump -S build/bin/_forktest > build/bin/forktest.asm
gcc -fno-pic -static -fno-builtin -fno-strict-aliasing -O2 -Wall -MD -ggdb -m32 -Werror -fno-omit-frame-pointer -Wno-unused-variable -Wno-unused-function -Wno-address-of-packed-member -Iinclude -Werror=implicit-function-declaration -fno-stack-protector -fno-pie -no-pie -c -o build/bin/grep.o bin/grep.c
ld -m    elf_i386 -N -e main -Ttext 0 -o build/bin/_grep build/bin/grep.o build/lib/ulib.o build/lib/usys.o build/lib/printf.o build/lib/umalloc.o build/lib/math.o build/lib/inflate.o build/lib/stdio.o build/lib/graphics.o build/lib/png.o
objdump -S build/bin/_grep > build/bin/grep.asm
objdump -t build/bin/_grep | sed '1,/SYMBOL TABLE/d; s/ .* / /; /^$/d' > build/bin/grep.sym
gcc -fno-pic -static -fno-builtin -fno-strict-aliasing -O2 -Wall -MD -ggdb -m32 -Werror -fno-omit-frame-pointer -Wno-unused-variable -Wno-unused-function -Wno-address-of-packed-member -Iinclude -Werror=implicit-function-declaration -fno-stack-protector -fno-pie -no-pie -c -o build/bin/init.o bin/init.c
ld -m    elf_i386 -N -e main -Ttext 0 -o build/bin/_init build/bin/init.o build/lib/ulib.o build/lib/usys.o build/lib/printf.o build/lib/umalloc.o build/lib/math.o build/lib/inflate.o build/lib/stdio.o build/lib/graphics.o build/lib/png.o
objdump -S build/bin/_init > build/bin/init.asm
objdump -t build/bin/_init | sed '1,/SYMBOL TABLE/d; s/ .* / /; /^$/d' > build/bin/init.sym
gcc -fno-pic -static -fno-builtin -fno-strict-aliasing -O2 -Wall -MD -ggdb -m32 -Werror -fno-omit-frame-pointer -Wno-unused-variable -Wno-unused-function -Wno-address-of-packed-member -Iinclude -Werror=implicit-function-declaration -fno-stack-protector -fno-pie -no-pie -c -o build/bin/kill.o bin/kill.c
ld -m    elf_i386 -N -e main -Ttext 0 -o build/bin/_kill build/bin/kill.o build/lib/ulib.o build/lib/usys.o build/lib/printf.o build/lib/umalloc.o build/lib/math.o build/lib/inflate.o build/lib/stdio.o build/lib/graphics.o build/lib/png.o
objdump -S build/bin/_kill > build/bin/kill.asm
objdump -t build/bin/_kill | sed '1,/SYMBOL TABLE/d; s/ .* / /; /^$/d' > build/bin/kill.sym
gcc -fno-pic -static -fno-builtin -fno-strict-aliasing -O2 -Wall -MD -ggdb -m32 -Werror -fno-omit-frame-pointer -Wno-unused-variable -Wno-unused-function -Wno-address-of-packed-member -Iinclude -Werror=implicit-function-declaration -fno-stack-protector -fno-pie -no-pie -c -o build/bin/ln.o bin/ln.c
ld -m    elf_i386 -N -e main -Ttext 0 -o build/bin/_ln build/bin/ln.o build/lib/ulib.o build/lib/usys.o build/lib/printf.o build/lib/umalloc.o build/lib/math.o build/lib/inflate.o build/lib/stdio.o build/lib/graphics.o build/lib/png.o
objdump -S build/bin/_ln > build/bin/ln.asm
objdump -t build/bin/_ln | sed '1,/SYMBOL TABLE/d; s/ .* / /; /^$/d' > build/bin/ln.sym
gcc -fno-pic -static -fno-builtin -fno-strict-aliasing -O2 -Wall -MD -ggdb -m32 -Werror -fno-omit-frame-pointer -Wno-unused-variable -Wno-unused-function -Wno-address-of-packed-member -Iinclude -Werror=implicit-function-declaration -fno-stack-protector -fno-pie -no-pie -c -o build/bin/ls.o bin/ls.c
ld -m    elf_i386 -N -e main -Ttext 0 -o build/bin/_ls build/bin/ls.o build/lib/ulib.o build/lib/usys.o build/lib/printf.o build/lib/umalloc.o build/lib/math.o build/lib/inflate.o build/lib/stdio.o build/lib/graphics.o build/lib/png.o
objdump -S build/bin/_ls > build/bin/ls.asm
objdump -t build/bin/_ls | sed '1,/SYMBOL TABLE/d; s/ .* / /; /^$/d' > build/bin/ls.sym
gcc -fno-pic -static -fno-builtin -fno-strict-aliasing -O2 -Wall -MD -ggdb -m32 -Werror -fno-omit-frame-pointer -Wno-unused-variable -Wno-unused-function -Wno-address-of-packed-member -Iinclude -Werror=implicit-function-declaration -fno-stack-protector -fno-pie -no-pie -c -o build/bin/mkdir.o bin/mkdir.c
ld -m    elf_i386 -N -e main -Ttext 0 -o build/bin/_mkdir build/bin/mkdir.o build/lib/ulib.o build/lib/usys.o build/lib/printf.o build/lib/umalloc.o build/lib/math.o build/lib/inflate.o build/lib/stdio.o build/lib/graphics.o build/lib/png.o
objdump -S build/bin/_mkdir > build/bin/mkdir.asm
objdump -t build/bin/_mkdir | sed '1,/SYMBOL TABLE/d; s/ .* / /; /^$/d' > build/bin/mkdir.sym
gcc -fno-pic -static -fno-builtin -fno-strict-aliasing -O2 -Wall -MD -ggdb -m32 -Werror -fno-omit-frame-pointer -Wno-unused-variable -Wno-unused-function -Wno-address-of-packed-member -Iinclude -Werror=implicit-function-declaration -fno-stack-protector -fno-pie -no-pie -c -o build/bin/rm.o bin/rm.c
ld -m    elf_i386 -N -e main -Ttext 0 -o build/bin/_rm build/bin/rm.o build/lib/ulib.o build/lib/usys.o build/lib/printf.o build/lib/umalloc.o build/lib/math.o build/lib/inflate.o build/lib/stdio.o build/lib/graphics.o build/lib/png.o
objdump -S build/bin/_rm > build/bin/rm.asm
objdump -t build/bin/_rm | sed '1,/SYMBOL TABLE/d; s/ .* / /; /^$/d' > build/bin/rm.sym
gcc -fno-pic -static -fno-builtin -fno-strict-aliasing -O2 -Wall -MD -ggdb -m32 -Werror -fno-omit-frame-pointer -Wno-unused-variable -Wno-unused-function -Wno-address-of-packed-member -Iinclude -Werror=implicit-function-declaration -fno-stack-protector -fno-pie -no-pie -c -o build/bin/sh.o bin/sh.c
ld -m    elf_i386 -N -e main -Ttext 0 -o build/bin/_sh build/bin/sh.o build/lib/ulib.o build/lib/usys.o build/lib/printf.o build/lib/umalloc.o build/lib/math.o build/lib/inflate.o build/lib/stdio.o build/lib/graphics.o build/lib/png.o
objdump -S build/bin/_sh > build/bin/sh.asm
objdump -t build/bin/_sh | sed '1,/SYMBOL TABLE/d; s/ .* / /; /^$/d' > build/bin/sh.sym
gcc -fno-pic -static -fno-builtin -fno-strict-aliasing -O2 -Wall -MD -ggdb -m32 -Werror -fno-omit-frame-pointer -Wno-unused-variable -Wno-unused-function -Wno-address-of-packed-member -Iinclude -Werror=implicit-function-declaration -fno-stack-protector -fno-pie -no-pie -c -o build/bin/stressfs.o bin/stressfs.c
ld -m    elf_i386 -N -e main -Ttext 0 -o build/bin/_stressfs build/bin/stressfs.o build/lib/ulib.o build/lib/usys.o build/lib/printf.o build/lib/umalloc.o build/lib/math.o build/lib/inflate.o build/lib/stdio.o build/lib/graphics.o build/lib/png.o
objdump -S build/bin/_stressfs > build/bin/stressfs.asm
objdump -t build/bin/_stressfs | sed '1,/SYMBOL TABLE/d; s/ .* / /; /^$/d' > build/bin/stressfs.sym
gcc -fno-pic -static -fno-builtin -fno-strict-aliasing -O2 -Wall -MD -ggdb -m32 -Werror -fno-omit-frame-pointer -Wno-unused-variable -Wno-unused-function -Wno-address-of-packed-member -Iinclude -Werror=implicit-function-declaration -fno-stack-protector -fno-pie -no-pie -c -o build/bin/wc.o bin/wc.c
ld -m    elf_i386 -N -e main -Ttext 0 -o build/bin/_wc build/bin/wc.o build/lib/ulib.o build/lib/usys.o build/lib/printf.o build/lib/umalloc.o build/lib/math.o build/lib/inflate.o build/lib/stdio.o build/lib/graphics.o build/lib/png.o
objdump -S build/bin/_wc > build/bin/wc.asm
objdump -t build/bin/_wc | sed '1,/SYMBOL TABLE/d; s/ .* / /; /^$/d' > build/bin/wc.sym
gcc -fno-pic -static -fno-builtin -fno-strict-aliasing -O2 -Wall -MD -ggdb -m32 -Werror -fno-omit-frame-pointer -Wno-unused-variable -Wno-unused-function -Wno-address-of-packed-member -Iinclude -Werror=implicit-function-declaration -fno-stack-protector -fno-pie -no-pie -c -o build/bin/uthread.o bin/uthread.c
gcc -m32 -gdwarf-2 -Wa,-divide -Iinclude  -c -o build/bin/uthread_switch.o bin/uthread_switch.S
ld -m    elf_i386 -N -e main -Ttext 0 -o build/bin/_uthread build/bin/uthread.o build/bin/uthread_switch.o build/lib/ulib.o build/lib/usys.o build/lib/printf.o build/lib/umalloc.o build/lib/math.o build/lib/inflate.o build/lib/stdio.o build/lib/graphics.o build/lib/png.o
objdump -S build/bin/_uthread > build/bin/uthread.asm
gcc -fno-pic -static -fno-builtin -fno-strict-aliasing -O2 -Wall -MD -ggdb -m32 -Werror -fno-omit-frame-pointer -Wno-unused-variable -Wno-unused-function -Wno-address-of-packed-member -Iinclude -Werror=implicit-function-declaration -fno-stack-protector -fno-pie -no-pie -c -o build/bin/usertests.o bin/usertests.c
ld -m    elf_i386 -N -e main -Ttext 0 -o build/bin/_usertests build/bin/usertests.o build/lib/ulib.o build/lib/usys.o build/lib/printf.o build/lib/umalloc.o build/lib/math.o build/lib/inflate.o build/lib/stdio.o build/lib/graphics.o build/lib/png.o
objdump -S build/bin/_usertests > build/bin/usertests.asm
objdump -t build/bin/_usertests | sed '1,/SYMBOL TABLE/d; s/ .* / /; /^$/d' > build/bin/usertests.sym
gcc -fno-pic -static -fno-builtin -fno-strict-aliasing -O2 -Wall -MD -ggdb -m32 -Werror -fno-omit-frame-pointer -Wno-unused-variable -Wno-unused-function -Wno-address-of-packed-member -Iinclude -Werror=implicit-function-declaration -fno-stack-protector -fno-pie -no-pie -c -o build/bin/zombie.o bin/zombie.c
ld -m    elf_i386 -N -e main -Ttext 0 -o build/bin/_zombie build/bin/zombie.o build/lib/ulib.o build/lib/usys.o build/lib/printf.o build/lib/umalloc.o build/lib/math.o build/lib/inflate.o build/lib/stdio.o build/lib/graphics.o build/lib/png.o
objdump -S build/bin/_zombie > build/bin/zombie.asm
objdump -t build/bin/_zombie | sed '1,/SYMBOL TABLE/d; s/ .* / /; /^$/d' > build/bin/zombie.sym
gcc -fno-pic -static -fno-builtin -fno-strict-aliasing -O2 -Wall -MD -ggdb -m32 -Werror -fno-omit-frame-pointer -Wno-unused-variable -Wno-unused-function -Wno-address-of-packed-member -Iinclude -Werror=implicit-function-declaration -fno-stack-protector -fno-pie -no-pie -c -o build/bin/tcpechoserver.o bin/tcpechoserver.c
ld -m    elf_i386 -N -e main -Ttext 0 -o build/bin/_tcpechoserver build/bin/tcpechoserver.o build/lib/ulib.o build/lib/usys.o build/lib/printf.o build/lib/umalloc.o build/lib/math.o build/lib/inflate.o build/lib/stdio.o build/lib/graphics.o build/lib/png.o
objdump -S build/bin/_tcpechoserver > build/bin/tcpechoserver.asm
objdump -t build/bin/_tcpechoserver | sed '1,/SYMBOL TABLE/d; s/ .* / /; /^$/d' > build/bin/tcpechoserver.sym
gcc -fno-pic -static -fno-builtin -fno-strict-aliasing -O2 -Wall -MD -ggdb -m32 -Werror -fno-omit-frame-pointer -Wno-unused-variable -Wno-unused-function -Wno-address-of-packed-member -Iinclude -Werror=implicit-function-declaration -fno-stack-protector -fno-pie -no-pie -c -o build/bin/udpechoserver.o bin/udpechoserver.c
ld -m    elf_i386 -N -e main -Ttext 0 -o build/bin/_udpechoserver build/bin/udpechoserver.o build/lib/ulib.o build/lib/usys.o build/lib/printf.o build/lib/umalloc.o build/lib/math.o build/lib/inflate.o build/lib/stdio.o build/lib/graphics.o build/lib/png.o
objdump -S build/bin/_udpechoserver > build/bin/udpechoserver.asm
objdump -t build/bin/_udpechoserver | sed '1,/SYMBOL TABLE/d; s/ .* / /; /^$/d' > build/bin/udpechoserver.sym
gcc -fno-pic -static -fno-builtin -fno-strict-aliasing -O2 -Wall -MD -ggdb -m32 -Werror -fno-omit-frame-pointer -Wno-unused-variable -Wno-unused-function -Wno-address-of-packed-member -Iinclude -Werror=implicit-function-declaration -fno-stack-protector -fno-pie -no-pie -c -o build/bin/ifconfig.o bin/ifconfig.c
ld -m    elf_i386 -N -e main -Ttext 0 -o build/bin/_ifconfig build/bin/ifconfig.o build/lib/ulib.o build/lib/usys.o build/lib/printf.o build/lib/umalloc.o build/lib/math.o build/lib/inflate.o build/lib/stdio.o build/lib/graphics.o build/lib/png.o
objdump -S build/bin/_ifconfig > build/bin/ifconfig.asm
objdump -t build/bin/_ifconfig | sed '1,/SYMBOL TABLE/d; s/ .* / /; /^$/d' > build/bin/ifconfig.sym
./build/mkfs build/fs.img README.org build/bin/_cat build/bin/_echo build/bin/_forktest build/bin/_grep build/bin/_init build/bin/_kill build/bin/_ln build/bin/_ls build/bin/_mkdir build/bin/_rm build/bin/_sh build/bin/_stressfs build/bin/_wc build/bin/_uthread build/bin/_usertests build/bin/_zombie build/bin/_tcpechoserver build/bin/_udpechoserver build/bin/_ifconfig
nmeta 46 (boot, super, log blocks 30 inode blocks 13, bitmap blocks 1) blocks 1954 total 2000
